2019-05-29 18:30:55,118 INFO Started streams scraping
2019-05-29 18:30:55,119 INFO streams: League of Legends
2019-05-29 18:31:40,278 INFO Started streams scraping
2019-05-29 18:31:40,278 INFO Started streams scraping
2019-05-29 18:31:40,279 INFO streams: League of Legends
2019-05-29 18:31:40,279 INFO streams: League of Legends
2019-05-29 18:31:41,911 INFO streams: PLAYERUNKNOWN'S BATTLEGROUNDS
2019-05-29 18:31:41,911 INFO streams: PLAYERUNKNOWN'S BATTLEGROUNDS
2019-05-29 18:31:43,471 INFO streams: Hearthstone
2019-05-29 18:31:43,471 INFO streams: Hearthstone
2019-05-29 18:31:45,012 INFO streams: Counter-Strike: Global Offensive
2019-05-29 18:31:45,012 INFO streams: Counter-Strike: Global Offensive
2019-05-29 18:31:47,144 INFO streams: Finding Bigfoot
2019-05-29 18:31:47,144 INFO streams: Finding Bigfoot
2019-05-29 18:31:47,578 INFO streams: Dota 2
2019-05-29 18:31:47,578 INFO streams: Dota 2
2019-05-29 18:31:49,163 INFO streams: Street Fighter V
2019-05-29 18:31:49,163 INFO streams: Street Fighter V
2019-05-29 18:31:50,450 INFO streams: Overwatch
2019-05-29 18:31:50,450 INFO streams: Overwatch
2019-05-29 18:31:52,487 INFO streams: Dark Souls III
2019-05-29 18:31:52,487 INFO streams: Dark Souls III
2019-05-29 18:31:54,292 INFO streams: Power Rangers
2019-05-29 18:31:54,292 INFO streams: Power Rangers
2019-05-29 18:31:56,002 INFO streams: H1Z1: King of the Kill
2019-05-29 18:31:56,002 INFO streams: H1Z1: King of the Kill
2019-05-29 18:31:57,014 INFO streams: Destiny
2019-05-29 18:31:57,014 INFO streams: Destiny
2019-05-29 18:31:59,048 INFO streams: World of Warcraft
2019-05-29 18:31:59,048 INFO streams: World of Warcraft
2019-05-29 18:32:00,638 INFO streams: Poker
2019-05-29 18:32:00,638 INFO streams: Poker
2019-05-29 18:32:02,398 INFO streams: Arma 3
2019-05-29 18:32:02,398 INFO streams: Arma 3
2019-05-29 18:32:04,181 INFO streams: RuneScape
2019-05-29 18:32:04,181 INFO streams: RuneScape
2019-05-29 18:32:05,839 INFO streams: Talk Shows
2019-05-29 18:32:05,839 INFO streams: Talk Shows
2019-05-29 18:32:07,882 INFO streams: Creative
2019-05-29 18:32:07,882 INFO streams: Creative
2019-05-29 18:32:10,428 INFO streams: Path of Exile
2019-05-29 18:32:10,428 INFO streams: Path of Exile
2019-05-29 18:32:12,470 INFO streams: Smite
2019-05-29 18:32:12,470 INFO streams: Smite
2019-05-29 18:32:14,806 INFO streams: Grand Theft Auto V
2019-05-29 18:32:14,806 INFO streams: Grand Theft Auto V
2019-05-29 18:32:16,469 INFO streams: The Legend of Zelda: Breath of the Wild
2019-05-29 18:32:16,469 INFO streams: The Legend of Zelda: Breath of the Wild
2019-05-29 18:32:18,280 INFO streams: Minecraft
2019-05-29 18:32:18,280 INFO streams: Minecraft
2019-05-29 18:32:20,319 INFO streams: StarCraft II
2019-05-29 18:32:20,319 INFO streams: StarCraft II
2019-05-29 18:32:22,272 INFO streams: Heroes of the Storm
2019-05-29 18:32:22,272 INFO streams: Heroes of the Storm
2019-05-29 18:32:23,976 INFO streams: IRL
2019-05-29 18:32:23,976 INFO streams: IRL
2019-05-29 18:32:25,461 INFO streams: Tom Clancy's Rainbow Six: Siege
2019-05-29 18:32:25,461 INFO streams: Tom Clancy's Rainbow Six: Siege
2019-05-29 18:32:27,400 INFO streams: For Honor
2019-05-29 18:32:27,400 INFO streams: For Honor
2019-05-29 18:32:29,318 INFO streams: Casino
2019-05-29 18:32:29,318 INFO streams: Casino
2019-05-29 18:32:30,684 INFO streams: Mass Effect: Andromeda
2019-05-29 18:32:30,684 INFO streams: Mass Effect: Andromeda
2019-05-29 18:32:32,017 INFO Started games scraping
2019-05-29 18:32:32,017 INFO Started games scraping
